2024-06-22 20:39:26,966 [Worker-4: Loading available Gradle versions] INFO  o.e.b.c.i.u.g.PublishedGradleVersions - Gradle version information cache is up-to-date. Trying to read.
2024-06-25 09:21:44,006 [Worker-2: Loading available Gradle versions] INFO  o.e.b.c.i.u.g.PublishedGradleVersions - Gradle version information cache is up-to-date. Trying to read.
2024-06-25 09:22:53,703 [Worker-3: Import Getting Started Content] INFO  o.e.m.c.i.l.LifecycleMappingFactory - Using org.eclipse.m2e.jdt.JarLifecycleMapping lifecycle mapping for MavenProject: com.example:ProductListing:0.0.1-SNAPSHOT @ C:\Users\kajal\OneDrive\Desktop\MzosProject\ProductListingProject\ProductListing\ProductListing\pom.xml.
2024-06-25 09:23:00,250 [Worker-3: Import Getting Started Content] INFO  o.e.m.j.i.AbstractJavaProjectConfigurator - Adding source folder /ProductListing/src/main/java
2024-06-25 09:23:00,256 [Worker-3: Import Getting Started Content] INFO  o.e.m.j.i.AbstractJavaProjectConfigurator - Adding resource folder /ProductListing/src/main/resources
2024-06-25 09:23:00,309 [Worker-3: Import Getting Started Content] INFO  o.e.m.j.i.AbstractJavaProjectConfigurator - Adding resource folder /ProductListing/src/main/resources
2024-06-25 09:23:00,389 [Worker-3: Import Getting Started Content] INFO  o.e.m.j.i.AbstractJavaProjectConfigurator - Adding source folder /ProductListing/src/test/java
2024-06-25 09:23:00,396 [Worker-3: Import Getting Started Content] INFO  o.e.m.j.i.AbstractJavaProjectConfigurator - Adding resource folder /ProductListing/src/test/resources
2024-06-25 09:23:04,947 [Worker-3: Import Getting Started Content] INFO  o.e.m.c.i.p.ProjectConfigurationManager - Imported and configured 1 project(s) in 26 sec
2024-06-25 09:23:04,959 [Worker-3: Import Getting Started Content] INFO  o.e.m.c.i.p.ProjectConfigurationManager - Update started
2024-06-25 09:23:06,346 [Worker-3: Import Getting Started Content] INFO  o.e.m.c.i.l.LifecycleMappingFactory - Using org.eclipse.m2e.jdt.JarLifecycleMapping lifecycle mapping for MavenProject: com.example:ProductListing:0.0.1-SNAPSHOT @ C:\Users\kajal\OneDrive\Desktop\MzosProject\ProductListingProject\ProductListing\ProductListing\pom.xml.
2024-06-25 09:23:12,930 [Worker-3: Import Getting Started Content] INFO  o.e.m.j.i.AbstractJavaProjectConfigurator - Adding source folder /ProductListing/src/main/java
2024-06-25 09:23:12,933 [Worker-3: Import Getting Started Content] INFO  o.e.m.j.i.AbstractJavaProjectConfigurator - Adding resource folder /ProductListing/src/main/resources
2024-06-25 09:23:12,936 [Worker-3: Import Getting Started Content] INFO  o.e.m.j.i.AbstractJavaProjectConfigurator - Adding resource folder /ProductListing/src/main/resources
2024-06-25 09:23:12,939 [Worker-3: Import Getting Started Content] INFO  o.e.m.j.i.AbstractJavaProjectConfigurator - Adding source folder /ProductListing/src/test/java
2024-06-25 09:23:12,942 [Worker-3: Import Getting Started Content] INFO  o.e.m.j.i.AbstractJavaProjectConfigurator - Adding resource folder /ProductListing/src/test/resources
2024-06-25 09:23:16,107 [Worker-3: Import Getting Started Content] INFO  o.e.m.c.i.p.ProjectConfigurationManager - Update completed for 1 poms: local refresh takes 0.00 sec, refresh facades takes 7.00 sec, update config takes 0.00 sec 
2024-06-25 09:23:19,922 [Worker-9: Building] INFO  o.a.m.s.f.DefaultMavenResourcesFiltering - Copying 1 resource from src\main\resources to target\classes
2024-06-25 09:23:19,974 [Worker-9: Building] INFO  o.a.m.s.f.DefaultMavenResourcesFiltering - Copying 0 resource from src\main\resources to target\classes
2024-06-25 09:23:19,985 [Worker-9: Building] INFO  o.a.m.s.f.DefaultMavenResourcesFiltering - skip non existing resourceDirectory C:\Users\kajal\OneDrive\Desktop\MzosProject\ProductListingProject\ProductListing\ProductListing\src\test\resources
2024-06-25 09:24:37,384 [Worker-6: Building] INFO  o.a.m.s.f.DefaultMavenResourcesFiltering - Copying 1 resource from src\main\resources to target\classes
2024-06-25 09:24:37,392 [Worker-6: Building] INFO  o.a.m.s.f.DefaultMavenResourcesFiltering - Copying 0 resource from src\main\resources to target\classes
2024-06-25 09:24:37,400 [Worker-6: Building] INFO  o.a.m.s.f.DefaultMavenResourcesFiltering - skip non existing resourceDirectory C:\Users\kajal\OneDrive\Desktop\MzosProject\ProductListingProject\ProductListing\ProductListing\src\test\resources
2024-06-25 09:25:46,079 [Worker-4: Building] INFO  o.a.m.s.f.DefaultMavenResourcesFiltering - Copying 1 resource from src\main\resources to target\classes
2024-06-25 09:25:46,089 [Worker-4: Building] INFO  o.a.m.s.f.DefaultMavenResourcesFiltering - Copying 0 resource from src\main\resources to target\classes
2024-06-25 09:25:46,096 [Worker-4: Building] INFO  o.a.m.s.f.DefaultMavenResourcesFiltering - skip non existing resourceDirectory C:\Users\kajal\OneDrive\Desktop\MzosProject\ProductListingProject\ProductListing\ProductListing\src\test\resources
2024-06-25 09:25:58,486 [Worker-0: Building] INFO  o.a.m.s.f.DefaultMavenResourcesFiltering - Copying 1 resource from src\main\resources to target\classes
2024-06-25 09:25:58,494 [Worker-0: Building] INFO  o.a.m.s.f.DefaultMavenResourcesFiltering - Copying 0 resource from src\main\resources to target\classes
2024-06-25 09:25:58,501 [Worker-0: Building] INFO  o.a.m.s.f.DefaultMavenResourcesFiltering - skip non existing resourceDirectory C:\Users\kajal\OneDrive\Desktop\MzosProject\ProductListingProject\ProductListing\ProductListing\src\test\resources
2024-06-25 09:26:08,660 [Worker-5: Building] INFO  o.a.m.s.f.DefaultMavenResourcesFiltering - Copying 1 resource from src\main\resources to target\classes
2024-06-25 09:26:08,691 [Worker-5: Building] INFO  o.a.m.s.f.DefaultMavenResourcesFiltering - Copying 0 resource from src\main\resources to target\classes
2024-06-25 09:26:08,697 [Worker-5: Building] INFO  o.a.m.s.f.DefaultMavenResourcesFiltering - skip non existing resourceDirectory C:\Users\kajal\OneDrive\Desktop\MzosProject\ProductListingProject\ProductListing\ProductListing\src\test\resources
2024-06-25 09:26:18,830 [Worker-6: Building] INFO  o.a.m.s.f.DefaultMavenResourcesFiltering - Copying 1 resource from src\main\resources to target\classes
2024-06-25 09:26:18,880 [Worker-6: Building] INFO  o.a.m.s.f.DefaultMavenResourcesFiltering - Copying 0 resource from src\main\resources to target\classes
2024-06-25 09:26:18,889 [Worker-6: Building] INFO  o.a.m.s.f.DefaultMavenResourcesFiltering - skip non existing resourceDirectory C:\Users\kajal\OneDrive\Desktop\MzosProject\ProductListingProject\ProductListing\ProductListing\src\test\resources
2024-06-25 09:26:33,776 [Worker-2: Building] INFO  o.a.m.s.f.DefaultMavenResourcesFiltering - Copying 1 resource from src\main\resources to target\classes
2024-06-25 09:26:33,787 [Worker-2: Building] INFO  o.a.m.s.f.DefaultMavenResourcesFiltering - Copying 0 resource from src\main\resources to target\classes
2024-06-25 09:26:33,795 [Worker-2: Building] INFO  o.a.m.s.f.DefaultMavenResourcesFiltering - skip non existing resourceDirectory C:\Users\kajal\OneDrive\Desktop\MzosProject\ProductListingProject\ProductListing\ProductListing\src\test\resources
2024-06-25 09:26:50,628 [Worker-9: Building] INFO  o.a.m.s.f.DefaultMavenResourcesFiltering - Copying 1 resource from src\main\resources to target\classes
2024-06-25 09:26:50,718 [Worker-9: Building] INFO  o.a.m.s.f.DefaultMavenResourcesFiltering - Copying 0 resource from src\main\resources to target\classes
2024-06-25 09:26:50,730 [Worker-9: Building] INFO  o.a.m.s.f.DefaultMavenResourcesFiltering - skip non existing resourceDirectory C:\Users\kajal\OneDrive\Desktop\MzosProject\ProductListingProject\ProductListing\ProductListing\src\test\resources
2024-06-25 09:27:01,348 [Worker-3: Building] INFO  o.a.m.s.f.DefaultMavenResourcesFiltering - Copying 1 resource from src\main\resources to target\classes
2024-06-25 09:27:01,355 [Worker-3: Building] INFO  o.a.m.s.f.DefaultMavenResourcesFiltering - Copying 0 resource from src\main\resources to target\classes
2024-06-25 09:27:01,362 [Worker-3: Building] INFO  o.a.m.s.f.DefaultMavenResourcesFiltering - skip non existing resourceDirectory C:\Users\kajal\OneDrive\Desktop\MzosProject\ProductListingProject\ProductListing\ProductListing\src\test\resources
2024-06-25 09:27:13,840 [Worker-4: Building] INFO  o.a.m.s.f.DefaultMavenResourcesFiltering - Copying 1 resource from src\main\resources to target\classes
2024-06-25 09:27:13,847 [Worker-4: Building] INFO  o.a.m.s.f.DefaultMavenResourcesFiltering - Copying 0 resource from src\main\resources to target\classes
2024-06-25 09:27:13,856 [Worker-4: Building] INFO  o.a.m.s.f.DefaultMavenResourcesFiltering - skip non existing resourceDirectory C:\Users\kajal\OneDrive\Desktop\MzosProject\ProductListingProject\ProductListing\ProductListing\src\test\resources
2024-06-25 09:27:41,199 [Worker-6: Building] INFO  o.a.m.s.f.DefaultMavenResourcesFiltering - Copying 1 resource from src\main\resources to target\classes
2024-06-25 09:27:41,208 [Worker-6: Building] INFO  o.a.m.s.f.DefaultMavenResourcesFiltering - Copying 0 resource from src\main\resources to target\classes
2024-06-25 09:27:41,217 [Worker-6: Building] INFO  o.a.m.s.f.DefaultMavenResourcesFiltering - skip non existing resourceDirectory C:\Users\kajal\OneDrive\Desktop\MzosProject\ProductListingProject\ProductListing\ProductListing\src\test\resources
2024-06-25 09:27:52,878 [Start Help Server] INFO  org.eclipse.jetty.server.Server - jetty-12.0.3; built: 2023-10-27T03:25:22.284Z; git: a873259fd5af141dedaa6c7fa8fe8fbdedce0d61; jvm 21.0.2+13-LTS
2024-06-25 09:27:53,038 [Start Help Server] INFO  o.e.j.server.handler.ContextHandler - Started oeje8n.ContextHandler$CoreContextHandler@76c70c0a{/help,/help,b=null,a=AVAILABLE,h=oeje8n.ContextHandler$CoreContextHandler$CoreToNestedHandler@57a29762{STARTED}}
2024-06-25 09:27:53,040 [Start Help Server] INFO  o.e.j.s.DefaultSessionIdManager - Session workerName=node0
2024-06-25 09:27:53,086 [Start Help Server] INFO  o.e.jetty.server.AbstractConnector - Started ServerConnector@40b8e062{HTTP/1.1, (http/1.1)}{127.0.0.1:7437}
2024-06-25 09:27:53,141 [Start Help Server] INFO  org.eclipse.jetty.server.Server - Started oejs.Server@6d46920f{STARTING}[12.0.3,sto=0] @533480ms
2024-06-25 09:28:13,189 [Worker-9: Building] INFO  o.a.m.s.f.DefaultMavenResourcesFiltering - Copying 1 resource from src\main\resources to target\classes
2024-06-25 09:28:13,196 [Worker-9: Building] INFO  o.a.m.s.f.DefaultMavenResourcesFiltering - Copying 0 resource from src\main\resources to target\classes
2024-06-25 09:28:13,202 [Worker-9: Building] INFO  o.a.m.s.f.DefaultMavenResourcesFiltering - skip non existing resourceDirectory C:\Users\kajal\OneDrive\Desktop\MzosProject\ProductListingProject\ProductListing\ProductListing\src\test\resources
2024-06-25 09:30:36,723 [Worker-8: Building] INFO  o.a.m.s.f.DefaultMavenResourcesFiltering - Copying 1 resource from src\main\resources to target\classes
2024-06-25 09:30:36,740 [Worker-8: Building] INFO  o.a.m.s.f.DefaultMavenResourcesFiltering - Copying 0 resource from src\main\resources to target\classes
2024-06-25 09:30:36,748 [Worker-8: Building] INFO  o.a.m.s.f.DefaultMavenResourcesFiltering - skip non existing resourceDirectory C:\Users\kajal\OneDrive\Desktop\MzosProject\ProductListingProject\ProductListing\ProductListing\src\test\resources
2024-06-25 09:31:17,623 [Worker-3: Building] INFO  o.a.m.s.f.DefaultMavenResourcesFiltering - Copying 1 resource from src\main\resources to target\classes
2024-06-25 09:31:17,629 [Worker-3: Building] INFO  o.a.m.s.f.DefaultMavenResourcesFiltering - Copying 0 resource from src\main\resources to target\classes
2024-06-25 09:31:17,636 [Worker-3: Building] INFO  o.a.m.s.f.DefaultMavenResourcesFiltering - skip non existing resourceDirectory C:\Users\kajal\OneDrive\Desktop\MzosProject\ProductListingProject\ProductListing\ProductListing\src\test\resources
2024-06-25 09:31:47,273 [Worker-0: Building] INFO  o.a.m.s.f.DefaultMavenResourcesFiltering - Copying 1 resource from src\main\resources to target\classes
2024-06-25 09:31:47,467 [Worker-0: Building] INFO  o.a.m.s.f.DefaultMavenResourcesFiltering - Copying 0 resource from src\main\resources to target\classes
2024-06-25 09:31:47,477 [Worker-0: Building] INFO  o.a.m.s.f.DefaultMavenResourcesFiltering - skip non existing resourceDirectory C:\Users\kajal\OneDrive\Desktop\MzosProject\ProductListingProject\ProductListing\ProductListing\src\test\resources
2024-06-25 09:32:18,363 [Worker-1: Building] INFO  o.a.m.s.f.DefaultMavenResourcesFiltering - Copying 1 resource from src\main\resources to target\classes
2024-06-25 09:32:18,372 [Worker-1: Building] INFO  o.a.m.s.f.DefaultMavenResourcesFiltering - Copying 0 resource from src\main\resources to target\classes
2024-06-25 09:32:18,379 [Worker-1: Building] INFO  o.a.m.s.f.DefaultMavenResourcesFiltering - skip non existing resourceDirectory C:\Users\kajal\OneDrive\Desktop\MzosProject\ProductListingProject\ProductListing\ProductListing\src\test\resources
2024-06-25 09:33:27,753 [Worker-9: Building] INFO  o.a.m.s.f.DefaultMavenResourcesFiltering - Copying 1 resource from src\main\resources to target\classes
2024-06-25 09:33:27,762 [Worker-9: Building] INFO  o.a.m.s.f.DefaultMavenResourcesFiltering - Copying 0 resource from src\main\resources to target\classes
2024-06-25 09:33:27,769 [Worker-9: Building] INFO  o.a.m.s.f.DefaultMavenResourcesFiltering - skip non existing resourceDirectory C:\Users\kajal\OneDrive\Desktop\MzosProject\ProductListingProject\ProductListing\ProductListing\src\test\resources
2024-06-25 09:34:14,688 [Worker-7: Building] INFO  o.e.m.c.i.l.LifecycleMappingFactory - Using org.eclipse.m2e.jdt.JarLifecycleMapping lifecycle mapping for MavenProject: com.example:ProductListing:0.0.1-SNAPSHOT @ C:\Users\kajal\OneDrive\Desktop\MzosProject\ProductListingProject\ProductListing\ProductListing\pom.xml.
2024-06-25 09:34:16,992 [Worker-7: Building] INFO  o.a.m.s.f.DefaultMavenResourcesFiltering - Copying 0 resource from src\main\resources to target\classes
2024-06-25 09:34:16,993 [Worker-7: Building] INFO  o.a.m.s.f.DefaultMavenResourcesFiltering - Copying 0 resource from src\main\resources to target\classes
2024-06-25 09:34:17,003 [Worker-7: Building] INFO  o.a.m.s.f.DefaultMavenResourcesFiltering - skip non existing resourceDirectory C:\Users\kajal\OneDrive\Desktop\MzosProject\ProductListingProject\ProductListing\ProductListing\src\test\resources
2024-06-25 09:34:18,570 [Worker-2: Building] INFO  o.a.m.s.f.DefaultMavenResourcesFiltering - Copying 1 resource from src\main\resources to target\classes
2024-06-25 09:34:18,603 [Worker-2: Building] INFO  o.a.m.s.f.DefaultMavenResourcesFiltering - Copying 0 resource from src\main\resources to target\classes
2024-06-25 09:34:18,608 [Worker-2: Building] INFO  o.a.m.s.f.DefaultMavenResourcesFiltering - skip non existing resourceDirectory C:\Users\kajal\OneDrive\Desktop\MzosProject\ProductListingProject\ProductListing\ProductListing\src\test\resources
2024-06-25 09:35:15,679 [Worker-9: Building] INFO  o.e.m.c.i.l.LifecycleMappingFactory - Using org.eclipse.m2e.jdt.JarLifecycleMapping lifecycle mapping for MavenProject: com.example:ProductListing:0.0.1-SNAPSHOT @ C:\Users\kajal\OneDrive\Desktop\MzosProject\ProductListingProject\ProductListing\ProductListing\pom.xml.
2024-06-25 09:35:17,959 [Worker-9: Building] INFO  o.a.m.s.f.DefaultMavenResourcesFiltering - Copying 0 resource from src\main\resources to target\classes
2024-06-25 09:35:17,960 [Worker-9: Building] INFO  o.a.m.s.f.DefaultMavenResourcesFiltering - Copying 0 resource from src\main\resources to target\classes
2024-06-25 09:35:17,972 [Worker-9: Building] INFO  o.a.m.s.f.DefaultMavenResourcesFiltering - skip non existing resourceDirectory C:\Users\kajal\OneDrive\Desktop\MzosProject\ProductListingProject\ProductListing\ProductListing\src\test\resources
2024-06-25 09:35:20,513 [Worker-6: Building] INFO  o.a.m.s.f.DefaultMavenResourcesFiltering - Copying 1 resource from src\main\resources to target\classes
2024-06-25 09:35:20,548 [Worker-6: Building] INFO  o.a.m.s.f.DefaultMavenResourcesFiltering - Copying 0 resource from src\main\resources to target\classes
2024-06-25 09:35:20,555 [Worker-6: Building] INFO  o.a.m.s.f.DefaultMavenResourcesFiltering - skip non existing resourceDirectory C:\Users\kajal\OneDrive\Desktop\MzosProject\ProductListingProject\ProductListing\ProductListing\src\test\resources
2024-06-25 09:36:37,656 [Worker-11: Building] INFO  o.a.m.s.f.DefaultMavenResourcesFiltering - Copying 1 resource from src\main\resources to target\classes
2024-06-25 09:36:37,664 [Worker-11: Building] INFO  o.a.m.s.f.DefaultMavenResourcesFiltering - Copying 0 resource from src\main\resources to target\classes
2024-06-25 09:36:37,670 [Worker-11: Building] INFO  o.a.m.s.f.DefaultMavenResourcesFiltering - skip non existing resourceDirectory C:\Users\kajal\OneDrive\Desktop\MzosProject\ProductListingProject\ProductListing\ProductListing\src\test\resources
2024-06-25 09:37:11,844 [Worker-2: Building] INFO  o.a.m.s.f.DefaultMavenResourcesFiltering - Copying 1 resource from src\main\resources to target\classes
2024-06-25 09:37:11,851 [Worker-2: Building] INFO  o.a.m.s.f.DefaultMavenResourcesFiltering - Copying 0 resource from src\main\resources to target\classes
2024-06-25 09:37:11,858 [Worker-2: Building] INFO  o.a.m.s.f.DefaultMavenResourcesFiltering - skip non existing resourceDirectory C:\Users\kajal\OneDrive\Desktop\MzosProject\ProductListingProject\ProductListing\ProductListing\src\test\resources
2024-06-25 09:38:04,593 [Worker-9: Building] INFO  o.a.m.s.f.DefaultMavenResourcesFiltering - Copying 1 resource from src\main\resources to target\classes
2024-06-25 09:38:04,610 [Worker-9: Building] INFO  o.a.m.s.f.DefaultMavenResourcesFiltering - Copying 0 resource from src\main\resources to target\classes
2024-06-25 09:38:04,615 [Worker-9: Building] INFO  o.a.m.s.f.DefaultMavenResourcesFiltering - skip non existing resourceDirectory C:\Users\kajal\OneDrive\Desktop\MzosProject\ProductListingProject\ProductListing\ProductListing\src\test\resources
2024-06-25 09:39:40,504 [Worker-7: Building] INFO  o.e.m.c.i.l.LifecycleMappingFactory - Using org.eclipse.m2e.jdt.JarLifecycleMapping lifecycle mapping for MavenProject: com.example:ProductListing:0.0.1-SNAPSHOT @ C:\Users\kajal\OneDrive\Desktop\MzosProject\ProductListingProject\ProductListing\ProductListing\pom.xml.
2024-06-25 09:39:46,990 [Worker-7: Building] INFO  o.a.m.s.f.DefaultMavenResourcesFiltering - Copying 1 resource from src\main\resources to target\classes
2024-06-25 09:39:47,053 [Worker-7: Building] INFO  o.a.m.s.f.DefaultMavenResourcesFiltering - Copying 0 resource from src\main\resources to target\classes
2024-06-25 09:39:47,094 [Worker-7: Building] INFO  o.a.m.s.f.DefaultMavenResourcesFiltering - skip non existing resourceDirectory C:\Users\kajal\OneDrive\Desktop\MzosProject\ProductListingProject\ProductListing\ProductListing\src\test\resources
2024-06-25 09:39:50,509 [Worker-2: Launching ProductListing - ProductListingApplication] INFO  o.a.m.s.f.DefaultMavenResourcesFiltering - Copying 1 resource from src\main\resources to target\classes
2024-06-25 09:39:50,562 [Worker-2: Launching ProductListing - ProductListingApplication] INFO  o.a.m.s.f.DefaultMavenResourcesFiltering - Copying 0 resource from src\main\resources to target\classes
2024-06-25 09:39:50,568 [Worker-2: Launching ProductListing - ProductListingApplication] INFO  o.a.m.s.f.DefaultMavenResourcesFiltering - skip non existing resourceDirectory C:\Users\kajal\OneDrive\Desktop\MzosProject\ProductListingProject\ProductListing\ProductListing\src\test\resources
2024-06-25 09:42:16,118 [Worker-16: Launching ProductListing - ProductListingApplication] INFO  o.a.m.s.f.DefaultMavenResourcesFiltering - Copying 1 resource from src\main\resources to target\classes
2024-06-25 09:42:16,160 [Worker-16: Launching ProductListing - ProductListingApplication] INFO  o.a.m.s.f.DefaultMavenResourcesFiltering - Copying 0 resource from src\main\resources to target\classes
2024-06-25 09:42:16,169 [Worker-16: Launching ProductListing - ProductListingApplication] INFO  o.a.m.s.f.DefaultMavenResourcesFiltering - skip non existing resourceDirectory C:\Users\kajal\OneDrive\Desktop\MzosProject\ProductListingProject\ProductListing\ProductListing\src\test\resources
2024-06-25 09:43:19,261 [Worker-7: Building] INFO  o.a.m.s.f.DefaultMavenResourcesFiltering - Copying 1 resource from src\main\resources to target\classes
2024-06-25 09:43:19,300 [Worker-7: Building] INFO  o.a.m.s.f.DefaultMavenResourcesFiltering - Copying 0 resource from src\main\resources to target\classes
2024-06-25 09:43:19,312 [Worker-7: Building] INFO  o.a.m.s.f.DefaultMavenResourcesFiltering - skip non existing resourceDirectory C:\Users\kajal\OneDrive\Desktop\MzosProject\ProductListingProject\ProductListing\ProductListing\src\test\resources
2024-06-25 09:43:22,709 [Worker-15: Launching ProductListing - ProductListingApplication] INFO  o.a.m.s.f.DefaultMavenResourcesFiltering - Copying 1 resource from src\main\resources to target\classes
2024-06-25 09:43:22,881 [Worker-15: Launching ProductListing - ProductListingApplication] INFO  o.a.m.s.f.DefaultMavenResourcesFiltering - Copying 0 resource from src\main\resources to target\classes
2024-06-25 09:43:22,899 [Worker-15: Launching ProductListing - ProductListingApplication] INFO  o.a.m.s.f.DefaultMavenResourcesFiltering - skip non existing resourceDirectory C:\Users\kajal\OneDrive\Desktop\MzosProject\ProductListingProject\ProductListing\ProductListing\src\test\resources
2024-06-25 09:51:15,813 [Worker-22: Building] INFO  o.a.m.s.f.DefaultMavenResourcesFiltering - Copying 1 resource from src\main\resources to target\classes
2024-06-25 09:51:15,944 [Worker-22: Building] INFO  o.a.m.s.f.DefaultMavenResourcesFiltering - Copying 0 resource from src\main\resources to target\classes
2024-06-25 09:51:15,956 [Worker-22: Building] INFO  o.a.m.s.f.DefaultMavenResourcesFiltering - skip non existing resourceDirectory C:\Users\kajal\OneDrive\Desktop\MzosProject\ProductListingProject\ProductListing\ProductListing\src\test\resources
2024-06-25 09:52:23,135 [Worker-20: Building] INFO  o.a.m.s.f.DefaultMavenResourcesFiltering - Copying 1 resource from src\main\resources to target\classes
2024-06-25 09:52:23,143 [Worker-20: Building] INFO  o.a.m.s.f.DefaultMavenResourcesFiltering - Copying 0 resource from src\main\resources to target\classes
2024-06-25 09:52:23,149 [Worker-20: Building] INFO  o.a.m.s.f.DefaultMavenResourcesFiltering - skip non existing resourceDirectory C:\Users\kajal\OneDrive\Desktop\MzosProject\ProductListingProject\ProductListing\ProductListing\src\test\resources
2024-06-25 09:55:33,871 [Worker-23: Building] INFO  o.a.m.s.f.DefaultMavenResourcesFiltering - Copying 1 resource from src\main\resources to target\classes
2024-06-25 09:55:33,887 [Worker-23: Building] INFO  o.a.m.s.f.DefaultMavenResourcesFiltering - Copying 0 resource from src\main\resources to target\classes
2024-06-25 09:55:33,905 [Worker-23: Building] INFO  o.a.m.s.f.DefaultMavenResourcesFiltering - skip non existing resourceDirectory C:\Users\kajal\OneDrive\Desktop\MzosProject\ProductListingProject\ProductListing\ProductListing\src\test\resources
2024-06-25 09:55:53,752 [Worker-16: Launching ProductListing - ProductListingApplication] INFO  o.a.m.s.f.DefaultMavenResourcesFiltering - Copying 1 resource from src\main\resources to target\classes
2024-06-25 09:55:53,789 [Worker-16: Launching ProductListing - ProductListingApplication] INFO  o.a.m.s.f.DefaultMavenResourcesFiltering - Copying 0 resource from src\main\resources to target\classes
2024-06-25 09:55:53,816 [Worker-16: Launching ProductListing - ProductListingApplication] INFO  o.a.m.s.f.DefaultMavenResourcesFiltering - skip non existing resourceDirectory C:\Users\kajal\OneDrive\Desktop\MzosProject\ProductListingProject\ProductListing\ProductListing\src\test\resources
2024-06-25 09:56:04,581 [Worker-31: Building] INFO  o.a.m.s.f.DefaultMavenResourcesFiltering - Copying 1 resource from src\main\resources to target\classes
2024-06-25 09:56:04,592 [Worker-31: Building] INFO  o.a.m.s.f.DefaultMavenResourcesFiltering - Copying 0 resource from src\main\resources to target\classes
2024-06-25 09:56:04,597 [Worker-31: Building] INFO  o.a.m.s.f.DefaultMavenResourcesFiltering - skip non existing resourceDirectory C:\Users\kajal\OneDrive\Desktop\MzosProject\ProductListingProject\ProductListing\ProductListing\src\test\resources
2024-06-25 09:57:01,434 [Stop Help Server] INFO  org.eclipse.jetty.server.Server - Stopped oejs.Server@6d46920f{STOPPING}[12.0.3,sto=0]
2024-06-25 09:57:01,460 [Stop Help Server] INFO  o.e.jetty.server.AbstractConnector - Stopped ServerConnector@40b8e062{HTTP/1.1, (http/1.1)}{127.0.0.1:0}
